CONTROLLER: [+] Started cryptex.
CONTROLLER: [-] Exception eccured:an integer is required (got type _io.BufferedReader)
Mon, 8 Feb 2021 18:39:00 EET: [-] ERROR: decrypt: AES_decrypt error code: -16.
CONTROLLER: [+] Started cryptex.
Mon, 8 Feb 2021 18:42:24 EET: [-] ERROR: decrypt: AES_decrypt error code: -16.
CONTROLLER: [+] Started cryptex.
Mon, 8 Feb 2021 18:43:44 EET: [-] ERROR: decrypt: AES_decrypt error code: -16.
CONTROLLER: [+] Started cryptex.
Mon, 8 Feb 2021 18:47:18 EET: [-] ERROR: decrypt: AES_decrypt error code: -16.
CONTROLLER: [+] Started cryptex.
CONTROLLER: [+] Started cryptex.
CONTROLLER: [-] Unknown Exception Occured
CONTROLLER: [+] Started cryptex.
CONTROLLER: [-] Unknown Exception Occured
CONTROLLER: [+] Started cryptex.
CONTROLLER: [+] Started cryptex.
CONTROLLER: [+] Started cryptex.
CONTROLLER: [+] Sent "exit" command.
CONTROLLER: [+] Sent "exit" command.
CONTROLLER: [+] Started cryptex.
CONTROLLER: [+] Started cryptex.
CONTROLLER: [+] Started cryptex.
CONTROLLER: [+] Sent "exit" command.
CONTROLLER: [+] Started cryptex.
CONTROLLER: [-] Exception eccured:[Errno 2] No such file or directory: '/home/rujas/code_workspace/cryptex/data/assets/1234'
CONTROLLER: [+] Started cryptex.
CONTROLLER: [-] Exception eccured:[Errno 2] No such file or directory: '/home/rujas/code_workspace/cryptex/data/assets/123'
CONTROLLER: [+] Sent "exit" command.
CONTROLLER: [+] Started cryptex.
CONTROLLER: [+] Started cryptex.
CONTROLLER: [-] Exception eccured:[Errno 2] No such file or directory: '/home/rujas/code_workspace/cryptex/data/assets/736JHshry%ds'
CONTROLLER: [+] Started cryptex.
CONTROLLER: [+] Started cryptex.
CONTROLLER: [+] Started cryptex.
CONTROLLER: [+] Sent "exit" command.
18:27:48 on Wednesday, February the 24th, 2021: [+] Started cryptex.
Wed,24 Feb 2021 19:28:06 EET: [-] ERROR: decrypt: AES_decrypt error code: -16.
21:04:04 on Wednesday, February the 24th, 2021: [+] Sent "exit" command.
12:11:01 on Thursday, February the 25th, 2021: [+] Started cryptex.
12:12:06 on Thursday, February the 25th, 2021: [+] Sent "exit" command.
12:25:55 on Thursday, February the 25th, 2021: [+] Started cryptex.
12:26:14 on Thursday, February the 25th, 2021: [+] Sent "exit" command.
12:35:47 on Thursday, February the 25th, 2021: [+] Started cryptex.
12:36:11 on Thursday, February the 25th, 2021: [+] Sent "exit" command.
12:57:20 on Thursday, February the 25th, 2021: [+] Started cryptex.
